1610730147931	mozrunner::runner	INFO	Running command: "C:\\Program Files\\Mozilla Firefox\\firefox.exe" "-marionette" "-foreground" "-no-remote" "-profile" "C:\\Users\\ricar\\AppData\\Local\\Temp\\rust_mozprofile0LZHAG"
Can't find symbol 'eglSwapBuffersWithDamageEXT'.
Can't find symbol 'eglSetDamageRegionKHR'.
JavaScript error: resource://gre/modules/XULStore.jsm, line 66: Error: Can't find profile directory.
console.warn: SearchSettings: "get: No settings file exists, new profile?" (new Error("", "(unknown module)"))
1610730157123	Marionette	INFO	Listening on port 58593
1610730157424	Marionette	WARN	TLS certificate errors will be ignored for this session
JavaScript error: resource://activity-stream/lib/ASRouter.jsm, line 987: NS_ERROR_ILLEGAL_VALUE: Component returned failure code: 0x80070057 (NS_ERROR_ILLEGAL_VALUE) [nsIObserverService.removeObserver]
JavaScript error: resource://gre/modules/UrlClassifierListManager.jsm, line 691: TypeError: this.tablesData[table] is undefined
console.warn: services.settings: Error retrieving the getLastModified timestamp from blocklists/plugins RemoteSettingsClient Message: AbortError: IndexedDB: blocklists/plugins getLastModified() IndexedDB:  execute() A request was aborted, for example through a call to IDBTransaction.abort.
1610730162320	Marionette	INFO	Stopped listening on port 58593

###!!! [Child][RunMessage] Error: Channel closing: too late to send/recv, messages will be lost

1610730248381	mozrunner::runner	INFO	Running command: "C:\\Program Files\\Mozilla Firefox\\firefox.exe" "-marionette" "-foreground" "-no-remote" "-profile" "C:\\Users\\ricar\\AppData\\Local\\Temp\\rust_mozprofilemNcEUe"
Can't find symbol 'eglSwapBuffersWithDamageEXT'.
Can't find symbol 'eglSetDamageRegionKHR'.
JavaScript error: resource://gre/modules/XULStore.jsm, line 66: Error: Can't find profile directory.
console.warn: SearchSettings: "get: No settings file exists, new profile?" (new Error("", "(unknown module)"))
1610730254937	Marionette	INFO	Listening on port 58652
1610730255069	Marionette	WARN	TLS certificate errors will be ignored for this session
1610730255199	Marionette	INFO	Stopped listening on port 58652
JavaScript error: resource://activity-stream/lib/ActivityStreamPrefs.jsm, line 27: NS_ERROR_ILLEGAL_VALUE: Component returned failure code: 0x80070057 (NS_ERROR_ILLEGAL_VALUE) [nsIPrefBranch.removeObserver]
JavaScript error: resource://activity-stream/lib/ASRouter.jsm, line 968: TypeError: this._storage is null
console.log: "RemoteSettingsWorker error: Error: Can't import when we've started shutting down."
JavaScript error: resource://activity-stream/lib/PlacesFeed.jsm, line 198: NS_ERROR_UNEXPECTED: Component returned failure code: 0x8000ffff (NS_ERROR_UNEXPECTED) [nsINavHistoryService.addObserver]
JavaScript error: resource://gre/modules/ExtensionSettingsStore.jsm, line 122: Error: The ExtensionSettingsStore was accessed before the initialize promise resolved.
JavaScript error: resource://gre/modules/Sqlite.jsm, line 928: Error: Connection is not open.
console.log: "RemoteSettingsWorker error: Error: Can't import when we've started shutting down."
console.log: "RemoteSettingsWorker error: Error: Can't import when we've started shutting down."
console.warn: services.settings: Error retrieving the getLastModified timestamp from blocklists/plugins RemoteSettingsClient Message: Error: IndexedDB: blocklists/plugins getLastModified() IndexedDB:  execute() The application is shutting down
JavaScript error: resource://gre/modules/IndexedDB.jsm, line 370: UnknownError: IDBDatabase.transaction: Can't start IndexedDB transaction during shutdown
JavaScript error: , line 0: AbortError: A request was aborted, for example through a call to IDBTransaction.abort.
JavaScript error: , line 0: AbortError: A request was aborted, for example through a call to IDBTransaction.abort.

###!!! [Child][RunMessage] Error: Channel closing: too late to send/recv, messages will be lost

1610733894173	mozrunner::runner	INFO	Running command: "C:\\Program Files\\Mozilla Firefox\\firefox.exe" "-marionette" "-foreground" "-no-remote" "-profile" "C:\\Users\\ricar\\AppData\\Local\\Temp\\rust_mozprofilekE0PpN"
Can't find symbol 'eglSwapBuffersWithDamageEXT'.
Can't find symbol 'eglSetDamageRegionKHR'.
JavaScript error: resource://gre/modules/XULStore.jsm, line 66: Error: Can't find profile directory.
console.warn: SearchSettings: "get: No settings file exists, new profile?" (new Error("", "(unknown module)"))
1610733900748	Marionette	INFO	Listening on port 64826
1610733900892	Marionette	WARN	TLS certificate errors will be ignored for this session
JavaScript error: resource://activity-stream/lib/ActivityStreamPrefs.jsm, line 27: NS_ERROR_ILLEGAL_VALUE: Component returned failure code: 0x80070057 (NS_ERROR_ILLEGAL_VALUE) [nsIPrefBranch.removeObserver]
JavaScript error: resource://activity-stream/lib/ASRouter.jsm, line 968: TypeError: this._storage is null

###!!! [Child][RunMessage] Error: Channel closing: too late to send/recv, messages will be lost

console.error: services.settings: 
  main/fxmonitor-breaches Signature failed  Error: Shutdown, aborting read-only worker requests.
console.log: "RemoteSettingsWorker error: Error: Can't import when we've started shutting down."
console.log: "RemoteSettingsWorker error: Error: Can't import when we've started shutting down."
console.log: "RemoteSettingsWorker error: Error: Can't import when we've started shutting down."
console.warn: services.settings: Error retrieving the getLastModified timestamp from blocklists/plugins RemoteSettingsClient Message: Error: IndexedDB: blocklists/plugins getLastModified() IndexedDB:  execute() The application is shutting down
JavaScript error: , line 0: AbortError: A request was aborted, for example through a call to IDBTransaction.abort.
JavaScript error: , line 0: AbortError: A request was aborted, for example through a call to IDBTransaction.abort.
JavaScript error: , line 0: AbortError: A request was aborted, for example through a call to IDBTransaction.abort.
1610733905523	Marionette	INFO	Stopped listening on port 64826

###!!! [Child][RunMessage] Error: Channel closing: too late to send/recv, messages will be lost

1610733921650	mozrunner::runner	INFO	Running command: "C:\\Program Files\\Mozilla Firefox\\firefox.exe" "-marionette" "-foreground" "-no-remote" "-profile" "C:\\Users\\ricar\\AppData\\Local\\Temp\\rust_mozprofile32XypA"
Can't find symbol 'eglSwapBuffersWithDamageEXT'.
Can't find symbol 'eglSetDamageRegionKHR'.
JavaScript error: resource://gre/modules/XULStore.jsm, line 66: Error: Can't find profile directory.
console.warn: SearchSettings: "get: No settings file exists, new profile?" (new Error("", "(unknown module)"))
1610733927380	Marionette	INFO	Listening on port 64877
1610733927710	Marionette	WARN	TLS certificate errors will be ignored for this session
1610734353253	Marionette	INFO	Stopped listening on port 64877

###!!! [Child][RunMessage] Error: Channel closing: too late to send/recv, messages will be lost

rs\\ricar\\AppData\\Local\\Temp\\rust_mozprofileyCPYcx"
Can't find symbol 'eglSwapBuffersWithDamageEXT'.
Can't find symbol 'eglSetDamageRegionKHR'.
JavaScript error: resource://gre/modules/XULStore.jsm, line 66: Error: Can't find profile directory.
console.warn: SearchSettings: "get: No settings file exists, new profile?" (new Error("", "(unknown module)"))
1610734348417	Marionette	INFO	Listening on port 64944
1610734348893	Marionette	WARN	TLS certificate errors will be ignored for this session
1610734500623	Marionette	INFO	Stopped listening on port 64944

###!!! [Child][RunMessage] Error: Channel closing: too late to send/recv, messages will be lost

rs\\ricar\\AppData\\Local\\Temp\\rust_mozprofileM7nnxa"
Can't find symbol 'eglSwapBuffersWithDamageEXT'.
Can't find symbol 'eglSetDamageRegionKHR'.
JavaScript error: resource://gre/modules/XULStore.jsm, line 66: Error: Can't find profile directory.
console.warn: SearchSettings: "get: No settings file exists, new profile?" (new Error("", "(unknown module)"))
1610734506162	Marionette	INFO	Listening on port 65017
1610734506502	Marionette	WARN	TLS certificate errors will be ignored for this session
1610734538451	mozrunner::runner	INFO	Running command: "C:\\Program Files\\Mozilla Firefox\\firefox.exe" "-marionette" "-foreground" "-no-remote" "-profile" "C:\\Users\\ricar\\AppData\\Local\\Temp\\rust_m1610734538636	MarCan't find symbol 'eglSwapBuffersWithDamageEXT'.
Can't find symbol 'eglSetDamageRegionKHR'.
JavaScript error: resource://gre/modules/XULStore.jsm, line 66: Error: Can't find profile directory.
console.warn: SearchSettings: "get: No settings file exists, new profile?" (new Error("", "(unknown module)"))
1610734544297	Marionette	INFO	Listening on port 65077
1610734544516	Marionette	WARN	TLS certificate errors will be ignored for this session
1610734645625	mozrunner::runner	INFO	Running command: "C:\\Program Files\\Mozilla Firefox\\firefox.exe" "-marionette" "-foreground" "-no-remote" "-profile" "C:\\Users\\ricar\\AppData\\Local\\Temp\\rust_m1610734645968	MarCan't find symbol 'eglSwapBuffersWithDamageEXT'.
Can't find symbol 'eglSetDamageRegionKHR'.
JavaScript error: resource://gre/modules/XULStore.jsm, line 66: Error: Can't find profile directory.
console.warn: SearchSettings: "get: No settings file exists, new profile?" (new Error("", "(unknown module)"))
1610734651601	Marionette	INFO	Listening on port 65149
1610734651711	Marionette	WARN	TLS certificate errors will be ignored for this session
JavaScript error: resource://activity-stream/lib/ActivityStreamPrefs.jsm, line 27: NS_ERROR_ILLEGAL_VALUE: Component returned failure code: 0x80070057 (NS_ERROR_ILLEGAL_VALUE) [nsIPrefBranch.removeObserver]
JavaScript error: resource://activity-stream/lib/ASRouter.jsm, line 968: TypeError: this._storage is null
console.error: services.settings: 
  main/fxmonitor-breaches Signature failed  TypeError: NetworkError when attempting to fetch resource.
console.log: "RemoteSettingsWorker error: Error: Can't import when we've started shutting down."
JavaScript error: resource://gre/modules/ExtensionSettingsStore.jsm, line 122: Error: The ExtensionSettingsStore was accessed before the initialize promise resolved.
JavaScript error: resource://gre/modules/Sqlite.jsm, line 928: Error: Connection is not open.
console.log: "RemoteSettingsWorker error: Error: Can't import when we've started shutting down."
console.log: "RemoteSettingsWorker error: Error: Can't import when we've started shutting down."
console.log: "RemoteSettingsWorker error: Error: Can't import when we've started shutting down."
console.warn: services.settings: Error retrieving the getLastModified timestamp from blocklists/plugins RemoteSettingsClient Message: Error: IndexedDB: blocklists/plugins getLastModified() IndexedDB:  execute() The application is shutting down
JavaScript error: , line 0: AbortError: A request was aborted, for example through a call to IDBTransaction.abort.
JavaScript error: , line 0: AbortError: A request was aborted, for example through a call to IDBTransaction.abort.
1610734657064	Marionette	INFO	Stopped listening on port 65149

###!!! [Child][RunMessage] Error: Channel closing: too late to send/recv, messages will be lost

1610734669744	mozrunner::runner	INFO	Running command: "C:\\Program Files\\Mozilla Firefox\\firefox.exe" "-marionette" "-foreground" "-no-remote" "-profile" "C:\\Users\\ricar\\AppData\\Local\\Temp\\rust_mozprofile3yVr1B"
Can't find symbol 'eglSwapBuffersWithDamageEXT'.
Can't find symbol 'eglSetDamageRegionKHR'.
JavaScript error: resource://gre/modules/XULStore.jsm, line 66: Error: Can't find profile directory.
console.warn: SearchSettings: "get: No settings file exists, new profile?" (new Error("", "(unknown module)"))
1610734676385	Marionette	INFO	Listening on port 65195
1610734676482	Marionette	WARN	TLS certificate errors will be ignored for this session
1610739942372	Marionette	INFO	Stopped listening on port 65195

###!!! [Child][RunMessage] Error: Channel closing: too late to send/recv, messages will be lost

rs\\ricar\\AppData\\Local\\Temp\\rust_mozprofile6VZNcf"
Can't find symbol 'eglSwapBuffersWithDamageEXT'.
Can't find symbol 'eglSetDamageRegionKHR'.
JavaScript error: resource://gre/modules/XULStore.jsm, line 66: Error: Can't find profile directory.
console.warn: SearchSettings: "get: No settings file exists, new profile?" (new Error("", "(unknown module)"))
1610739900805	Marionette	INFO	Listening on port 65401
1610739901268	Marionette	WARN	TLS certificate errors will be ignored for this session
1610739941859	Marionette	INFO	Stopped listening on port 65401

###!!! [Child][RunMessage] Error: Channel closing: too late to send/recv, messages will be lost

1610739949524	mozrunner::runner	INFO	Running command: "C:\\Program Files\\Mozilla Firefox\\firefox.exe" "-marionette" "-foreground" "-no-remote" "-profile" "C:\\Users\\ricar\\AppData\\Local\\Temp\\rust_mozprofileEnlfLH"
Can't find symbol 'eglSwapBuffersWithDamageEXT'.
Can't find symbol 'eglSetDamageRegionKHR'.
JavaScript error: resource://gre/modules/XULStore.jsm, line 66: Error: Can't find profile directory.
console.warn: SearchSettings: "get: No settings file exists, new profile?" (new Error("", "(unknown module)"))
1610739955866	Marionette	INFO	Listening on port 65466
1610739956110	Marionette	WARN	TLS certificate errors will be ignored for this session
1610739965860	Marionette	INFO	Stopped listening on port 65466

###!!! [Child][RunMessage] Error: Channel closing: too late to send/recv, messages will be lost

1610739997444	mozrunner::runner	INFO	Running command: "C:\\Program Files\\Mozilla Firefox\\firefox.exe" "-marionette" "-foreground" "-no-remote" "-profile" "C:\\Users\\ricar\\AppData\\Local\\Temp\\rust_mozprofileC8zBAz"
Can't find symbol 'eglSwapBuffersWithDamageEXT'.
Can't find symbol 'eglSetDamageRegionKHR'.
JavaScript error: resource://gre/modules/XULStore.jsm, line 66: Error: Can't find profile directory.
console.warn: SearchSettings: "get: No settings file exists, new profile?" (new Error("", "(unknown module)"))

###!!! [Child][RunMessage] Error: Channel closing: too late to send/recv, messages will be lost

1610740003189	Marionette	INFO	Listening on port 65520
1610740003503	Marionette	WARN	TLS certificate errors will be ignored for this session
1610740013467	Marionette	INFO	Stopped listening on port 65520
JavaScript error: resource://gre/modules/UrlClassifierListManager.jsm, line 691: TypeError: this.tablesData[table] is undefined
[Parent 9112, Gecko_IOThread] WARNING: file /builds/worker/checkouts/gecko/ipc/chromium/src/base/process_util_win.cc:166

###!!! [Child][RunMessage] Error: Channel closing: too late to send/recv, messages will be lost

1610740090141	mozrunner::runner	INFO	Running command: "C:\\Program Files\\Mozilla Firefox\\firefox.exe" "-marionette" "-foreground" "-no-remote" "-profile" "C:\\Users\\ricar\\AppData\\Local\\Temp\\rust_mozprofilessLgvG"
Can't find symbol 'eglSwapBuffersWithDamageEXT'.
Can't find symbol 'eglSetDamageRegionKHR'.
JavaScript error: resource://gre/modules/XULStore.jsm, line 66: Error: Can't find profile directory.
console.warn: SearchSettings: "get: No settings file exists, new profile?" (new Error("", "(unknown module)"))
1610740096356	Marionette	INFO	Listening on port 49200
1610740096707	Marionette	WARN	TLS certificate errors will be ignored for this session
1610740108835	Marionette	INFO	Stopped listening on port 49200
JavaScript error: resource://activity-stream/lib/ASRouter.jsm, line 987: NS_ERROR_ILLEGAL_VALUE: Component returned failure code: 0x80070057 (NS_ERROR_ILLEGAL_VALUE) [nsIObserverService.removeObserver]
[Parent 2852, Gecko_IOThread] WARNING: file /builds/worker/checkouts/gecko/ipc/chromium/src/base/process_util_win.cc:166

###!!! [Child][RunMessage] Error: Channel closing: too late to send/recv, messages will be lost

1610740209404	mozrunner::runner	INFO	Running command: "C:\\Program Files\\Mozilla Firefox\\firefox.exe" "-marionette" "-foreground" "-no-remote" "-profile" "C:\\Users\\ricar\\AppData\\Local\\Temp\\rust_mozprofilez6TC15"
Can't find symbol 'eglSwapBuffersWithDamageEXT'.
Can't find symbol 'eglSetDamageRegionKHR'.
JavaScript error: resource://gre/modules/XULStore.jsm, line 66: Error: Can't find profile directory.
console.warn: SearchSettings: "get: No settings file exists, new profile?" (new Error("", "(unknown module)"))
1610740215265	Marionette	INFO	Listening on port 49261
1610740215514	Marionette	WARN	TLS certificate errors will be ignored for this session
1610740224789	Marionette	INFO	Stopped listening on port 49261
JavaScript error: resource://gre/modules/UrlClassifierListManager.jsm, line 691: TypeError: this.tablesData[table] is undefined

###!!! [Child][RunMessage] Error: Channel closing: too late to send/recv, messages will be lost

1610740291725	mozrunner::runner	INFO	Running command: "C:\\Program Files\\Mozilla Firefox\\firefox.exe" "-marionette" "-foreground" "-no-remote" "-profile" "C:\\Users\\ricar\\AppData\\Local\\Temp\\rust_mozprofile8I1PGo"
Can't find symbol 'eglSwapBuffersWithDamageEXT'.
Can't find symbol 'eglSetDamageRegionKHR'.
JavaScript error: resource://gre/modules/XULStore.jsm, line 66: Error: Can't find profile directory.
console.warn: SearchSettings: "get: No settings file exists, new profile?" (new Error("", "(unknown module)"))
1610740297720	Marionette	INFO	Listening on port 49326
1610740297793	Marionette	WARN	TLS certificate errors will be ignored for this session
1610740305359	Marionette	INFO	Stopped listening on port 49326

###!!! [Child][RunMessage] Error: Channel closing: too late to send/recv, messages will be lost

1610740478584	mozrunner::runner	INFO	Running command: "C:\\Program Files\\Mozilla Firefox\\firefox.exe" "-marionette" "-foreground" "-no-remote" "-profile" "C:\\Users\\ricar\\AppData\\Local\\Temp\\rust_mozprofileJyV5xI"
Can't find symbol 'eglSwapBuffersWithDamageEXT'.
Can't find symbol 'eglSetDamageRegionKHR'.
JavaScript error: resource://gre/modules/XULStore.jsm, line 66: Error: Can't find profile directory.
console.warn: SearchSettings: "get: No settings file exists, new profile?" (new Error("", "(unknown module)"))
1610740484786	Marionette	INFO	Listening on port 49376
1610740485145	Marionette	WARN	TLS certificate errors will be ignored for this session
1610740490768	Marionette	WARN	TimedPromise timed out after 500 ms: stacktrace:
TimedPromise/<@chrome://marionette/content/sync.js:235:19
TimedPromise@chrome://marionette/content/sync.js:220:10
interaction.flushEventLoop@chrome://marionette/content/interaction.js:418:10
webdriverClickElement@chrome://marionette/content/interaction.js:179:31
1610740491996	Marionette	WARN	TimedPromise timed out after 500 ms: stacktrace:
TimedPromise/<@chrome://marionette/content/sync.js:235:19
TimedPromise@chrome://marionette/content/sync.js:220:10
interaction.flushEventLoop@chrome://marionette/content/interaction.js:418:10
webdriverClickElement@chrome://marionette/content/interaction.js:179:31
1610743266885	Marionette	INFO	Stopped listening on port 49376

###!!! [Child][RunMessage] Error: Channel closing: too late to send/recv, messages will be lost

rs\\ricar\\AppData\\Local\\Temp\\rust_mozprofileccVONw"
Can't find symbol 'eglSwapBuffersWithDamageEXT'.
Can't find symbol 'eglSetDamageRegionKHR'.
JavaScript error: resource://gre/modules/XULStore.jsm, line 66: Error: Can't find profile directory.
console.warn: SearchSettings: "get: No settings file exists, new profile?" (new Error("", "(unknown module)"))
1610740628528	Marionette	INFO	Listening on port 49437
1610740628727	Marionette	WARN	TLS certificate errors will be ignored for this session
1610740638863	Marionette	INFO	Stopped listening on port 49437
JavaScript error: resource://gre/modules/UrlClassifierListManager.jsm, line 691: TypeError: this.tablesData[table] is undefined

###!!! [Child][RunMessage] Error: Channel closing: too late to send/recv, messages will be lost

1610740667613	mozrunner::runner	INFO	Running command: "C:\\Program Files\\Mozilla Firefox\\firefox.exe" "-marionette" "-foreground" "-no-remote" "-profile" "C:\\Users\\ricar\\AppData\\Local\\Temp\\rust_mozprofileig1yzZ"
Can't find symbol 'eglSwapBuffersWithDamageEXT'.
Can't find symbol 'eglSetDamageRegionKHR'.
JavaScript error: resource://gre/modules/XULStore.jsm, line 66: Error: Can't find profile directory.
console.warn: SearchSettings: "get: No settings file exists, new profile?" (new Error("", "(unknown module)"))
1610740673852	Marionette	INFO	Listening on port 49503
1610740674166	Marionette	WARN	TLS certificate errors will be ignored for this session
1610740680231	Marionette	WARN	TimedPromise timed out after 500 ms: stacktrace:
TimedPromise/<@chrome://marionette/content/sync.js:235:19
TimedPromise@chrome://marionette/content/sync.js:220:10
interaction.flushEventLoop@chrome://marionette/content/interaction.js:418:10
webdriverClickElement@chrome://marionette/content/interaction.js:179:31
1610740680328	Marionette	WARN	TimedPromise timed out after 500 ms: stacktrace:
TimedPromise/<@chrome://marionette/content/sync.js:235:19
TimedPromise@chrome://marionette/content/sync.js:220:10
interaction.flushEventLoop@chrome://marionette/content/interaction.js:418:10
webdriverClickElement@chrome://marionette/content/interaction.js:179:31
1610740681477	Marionette	WARN	TimedPromise timed out after 500 ms: stacktrace:
TimedPromise/<@chrome://marionette/content/sync.js:235:19
TimedPromise@chrome://marionette/content/sync.js:220:10
interaction.flushEventLoop@chrome://marionette/content/interaction.js:418:10
webdriverClickElement@chrome://marionette/content/interaction.js:179:31
1610740682734	Marionette	WARN	TimedPromise timed out after 500 ms: stacktrace:
TimedPromise/<@chrome://marionette/content/sync.js:235:19
TimedPromise@chrome://marionette/content/sync.js:220:10
interaction.flushEventLoop@chrome://marionette/content/interaction.js:418:10
webdriverClickElement@chrome://marionette/content/interaction.js:179:31
1610740683982	Marionette	WARN	TimedPromise timed out after 500 ms: stacktrace:
TimedPromise/<@chrome://marionette/content/sync.js:235:19
TimedPromise@chrome://marionette/content/sync.js:220:10
interaction.flushEventLoop@chrome://marionette/content/interaction.js:418:10
webdriverClickElement@chrome://marionette/content/interaction.js:179:31
1610740685228	Marionette	WARN	TimedPromise timed out after 500 ms: stacktrace:
TimedPromise/<@chrome://marionette/content/sync.js:235:19
TimedPromise@chrome://marionette/content/sync.js:220:10
interaction.flushEventLoop@chrome://marionette/content/interaction.js:418:10
webdriverClickElement@chrome://marionette/content/interaction.js:179:31
1610740685445	Marionette	INFO	Stopped listening on port 49503

###!!! [Child][RunMessage] Error: Channel closing: too late to send/recv, messages will be lost

1610740756636	mozrunner::runner	INFO	Running command: "C:\\Program Files\\Mozilla Firefox\\firefox.exe" "-marionette" "-foreground" "-no-remote" "-profile" "C:\\Users\\ricar\\AppData\\Local\\Temp\\rust_mozprofile7bsLT9"
Can't find symbol 'eglSwapBuffersWithDamageEXT'.
Can't find symbol 'eglSetDamageRegionKHR'.
JavaScript error: resource://gre/modules/XULStore.jsm, line 66: Error: Can't find profile directory.
console.warn: SearchSettings: "get: No settings file exists, new profile?" (new Error("", "(unknown module)"))
1610740763179	Marionette	INFO	Listening on port 49581
1610740763294	Marionette	WARN	TLS certificate errors will be ignored for this session
1610740770720	Marionette	INFO	Stopped listening on port 49581

###!!! [Child][RunMessage] Error: Channel closing: too late to send/recv, messages will be lost

1610740922722	mozrunner::runner	INFO	Running command: "C:\\Program Files\\Mozilla Firefox\\firefox.exe" "-marionette" "-foreground" "-no-remote" "-profile" "C:\\Users\\ricar\\AppData\\Local\\Temp\\rust_mozprofilep3jee5"
Can't find symbol 'eglSwapBuffersWithDamageEXT'.
Can't find symbol 'eglSetDamageRegionKHR'.
JavaScript error: resource://gre/modules/XULStore.jsm, line 66: Error: Can't find profile directory.
console.warn: SearchSettings: "get: No settings file exists, new profile?" (new Error("", "(unknown module)"))
1610740928940	Marionette	INFO	Listening on port 49647
1610740929281	Marionette	WARN	TLS certificate errors will be ignored for this session
1610740935110	Marionette	INFO	Stopped listening on port 49647
JavaScript error: resource://activity-stream/lib/ASRouter.jsm, line 987: NS_ERROR_ILLEGAL_VALUE: Component returned failure code: 0x80070057 (NS_ERROR_ILLEGAL_VALUE) [nsIObserverService.removeObserver]

###!!! [Child][RunMessage] Error: Channel closing: too late to send/recv, messages will be lost

1610745391160	mozrunner::runner	INFO	Running command: "C:\\Program Files\\Mozilla Firefox\\firefox.exe" "-marionette" "-foreground" "-no-remote" "-profile" "C:\\Users\\ricar\\AppData\\Local\\Temp\\rust_mozprofilezQBHvu"
Can't find symbol 'eglSwapBuffersWithDamageEXT'.
Can't find symbol 'eglSetDamageRegionKHR'.
JavaScript error: resource://gre/modules/XULStore.jsm, line 66: Error: Can't find profile directory.
console.warn: SearchSettings: "get: No settings file exists, new profile?" (new Error("", "(unknown module)"))
1610745397151	Marionette	INFO	Listening on port 49868
1610745397238	Marionette	WARN	TLS certificate errors will be ignored for this session
1610957271364	addons.xpi	ERROR	System addon update list error Error: Failed downloading XML, status: 0, reason: error
-foreground" "-no-remote" "-profile" "C:\\Users\\ricar\\AppData\\Local\\Temp\\rust_mozprofileYYrOUS"
Can't find symbol 'eglSwapBuffersWithDamageEXT'.
Can't find symbol 'eglSetDamageRegionKHR'.
JavaScript error: resource://gre/modules/XULStore.jsm, line 66: Error: Can't find profile directory.
console.warn: SearchSettings: "get: No settings file exists, new profile?" (new Error("", "(unknown module)"))
1610745453967	Marionette	INFO	Listening on port 49929
1610745454508	Marionette	WARN	TLS certificate errors will be ignored for this session
1610745488686	Marionette	INFO	Stopped listening on port 49929

###!!! [Child][RunMessage] Error: Channel closing: too late to send/recv, messages will be lost

1610960826755	mozrunner::runner	INFO	Running command: "C:\\Program Files\\Mozilla Firefox\\firefox.exe" "-marionette" "-foreground" "-no-remote" "-profile" "C:\\Users\\ricar\\AppData\\Local\\Temp\\rust_mozprofilezRZmfB"
Can't find symbol 'eglSwapBuffersWithDamageEXT'.
Can't find symbol 'eglSetDamageRegionKHR'.
JavaScript error: resource://gre/modules/XULStore.jsm, line 66: Error: Can't find profile directory.

###!!! [Child][MessageChannel] Error: (msgtype=0x3A0147,name=PContent::Msg_AsyncMessage) Channel closing: too late to send/recv, messages will be lost

console.warn: SearchSettings: "get: No settings file exists, new profile?" (new Error("", "(unknown module)"))
1610960845686	Marionette	INFO	Listening on port 61347
1610960846916	Marionette	WARN	TLS certificate errors will be ignored for this session
1610960856711	Marionette	INFO	Stopped listening on port 61347

###!!! [Child][RunMessage] Error: Channel closing: too late to send/recv, messages will be lost

1610960881105	mozrunner::runner	INFO	Running command: "C:\\Program Files\\Mozilla Firefox\\firefox.exe" "-marionette" "-foreground" "-no-remote" "-profile" "C:\\Users\\ricar\\AppData\\Local\\Temp\\rust_mozprofiledatvyU"
Can't find symbol 'eglSwapBuffersWithDamageEXT'.
Can't find symbol 'eglSetDamageRegionKHR'.
JavaScript error: resource://gre/modules/XULStore.jsm, line 66: Error: Can't find profile directory.
console.warn: SearchSettings: "get: No settings file exists, new profile?" (new Error("", "(unknown module)"))
1610960886922	Marionette	INFO	Listening on port 61438
1610960887157	Marionette	WARN	TLS certificate errors will be ignored for this session
1610961376793	Marionette	INFO	Stopped listening on port 61438

###!!! [Child][RunMessage] Error: Channel closing: too late to send/recv, messages will be lost

rs\\ricar\\AppData\\Local\\Temp\\rust_mozprofileuBJ0SU"
Can't find symbol 'eglSwapBuffersWithDamageEXT'.
Can't find symbol 'eglSetDamageRegionKHR'.
JavaScript error: resource://gre/modules/XULStore.jsm, line 66: Error: Can't find profile directory.
console.warn: SearchSettings: "get: No settings file exists, new profile?" (new Error("", "(unknown module)"))
1610961161776	Marionette	INFO	Listening on port 61508
1610961162213	Marionette	WARN	TLS certificate errors will be ignored for this session
1610961377776	Marionette	INFO	Stopped listening on port 61508

###!!! [Child][RunMessage] Error: Channel closing: too late to send/recv, messages will be lost

rs\\ricar\\AppData\\Local\\Temp\\rust_mozprofileWNdOpw"
Can't find symbol 'eglSwapBuffersWithDamageEXT'.
Can't find symbol 'eglSetDamageRegionKHR'.
JavaScript error: resource://gre/modules/XULStore.jsm, line 66: Error: Can't find profile directory.
console.warn: SearchSettings: "get: No settings file exists, new profile?" (new Error("", "(unknown module)"))
1610961320402	Marionette	INFO	Listening on port 61580
1610961320681	Marionette	WARN	TLS certificate errors will be ignored for this session
JavaScript error: , line 0: NS_ERROR_NOT_AVAILABLE
[Parent 14556, Gecko_IOThread] WARNING: file /builds/worker/checkouts/gecko/ipc/chromium/src/base/process_util_win.cc:166
1610971718651	Marionette	INFO	Stopped listening on port 61580
'eglSwapBuffersWithDamageEXT'.
Can't find symbol 'eglSetDamageRegionKHR'.
JavaScript error: resource://gre/modules/XULStore.jsm, line 66: Error: Can't find profile directory.
console.warn: SearchSettings: "get: No settings file exists, new profile?" (new Error("", "(unknown module)"))
1610961662151	Marionette	INFO	Listening on port 61656
1610961662666	Marionette	WARN	TLS certificate errors will be ignored for this session
1610962438369	Marionette	INFO	Stopped listening on port 61656

###!!! [Child][RunMessage] Error: Channel closing: too late to send/recv, messages will be lost

rs\\ricar\\AppData\\Local\\Temp\\rust_mozprofileESlpqW"
Can't find symbol 'eglSwapBuffersWithDamageEXT'.
Can't find symbol 'eglSetDamageRegionKHR'.
JavaScript error: resource://gre/modules/XULStore.jsm, line 66: Error: Can't find profile directory.
console.warn: SearchSettings: "get: No settings file exists, new profile?" (new Error("", "(unknown module)"))
1610961721301	Marionette	INFO	Listening on port 61728
1610961721424	Marionette	WARN	TLS certificate errors will be ignored for this session
1610962438631	Marionette	INFO	Stopped listening on port 61728

###!!! [Child][RunMessage] Error: Channel closing: too late to send/recv, messages will be lost

rs\\ricar\\AppData\\Local\\Temp\\rust_mozprofilecHpEdZ"
Can't find symbol 'eglSwapBuffersWithDamageEXT'.
Can't find symbol 'eglSetDamageRegionKHR'.
JavaScript error: resource://gre/modules/XULStore.jsm, line 66: Error: Can't find profile directory.
console.warn: SearchSettings: "get: No settings file exists, new profile?" (new Error("", "(unknown module)"))
1610961801618	Marionette	INFO	Listening on port 61800
1610961801735	Marionette	WARN	TLS certificate errors will be ignored for this session
[Parent 15816, Gecko_IOThread] WARNING: file /builds/worker/checkouts/gecko/ipc/chromium/src/base/process_util_win.cc:166
1610962438741	Marionette	INFO	Stopped listening on port 61800
cal\\Temp\\rust_mozprofileHnOJM2"
Can't find symbol 'eglSwapBuffersWithDamageEXT'.
Can't find symbol 'eglSetDamageRegionKHR'.
JavaScript error: resource://gre/modules/XULStore.jsm, line 66: Error: Can't find profile directory.
console.warn: SearchSettings: "get: No settings file exists, new profile?" (new Error("", "(unknown module)"))
1610961913210	Marionette	INFO	Listening on port 61882
1610961913510	Marionette	WARN	TLS certificate errors will be ignored for this session
1610961944511	Marionette	INFO	Stopped listening on port 61882

###!!! [Child][RunMessage] Error: Channel closing: too late to send/recv, messages will be lost

1610961953749	mozrunner::runner	INFO	Running command: "C:\\Program Files\\Mozilla Firefox\\firefox.exe" "-marionette" "-foreground" "-no-remote" "-profile" "C:\\Users\\ricar\\AppData\\Local\\Temp\\rust_mozprofiledGJKgS"
Can't find symbol 'eglSwapBuffersWithDamageEXT'.
Can't find symbol 'eglSetDamageRegionKHR'.
JavaScript error: resource://gre/modules/XULStore.jsm, line 66: Error: Can't find profile directory.
console.warn: SearchSettings: "get: No settings file exists, new profile?" (new Error("", "(unknown module)"))
1610961960139	Marionette	INFO	Listening on port 61946
1610961960335	Marionette	WARN	TLS certificate errors will be ignored for this session
[Parent 14776, Gecko_IOThread] WARNING: file /builds/worker/checkouts/gecko/ipc/chromium/src/base/process_util_win.cc:166
1610962438735	Marionette	INFO	Stopped listening on port 61946

###!!! [Child][RunMessage] Error: Channel closing: too late to send/recv, messages will be lost

 'eglSetDamageRegionKHR'.
JavaScript error: resource://gre/modules/XULStore.jsm, line 66: Error: Can't find profile directory.
console.warn: SearchSettings: "get: No settings file exists, new profile?" (new Error("", "(unknown module)"))
1610962308488	Marionette	INFO	Listening on port 62036
1610962308889	Marionette	WARN	TLS certificate errors will be ignored for this session
[Parent 18192, Gecko_IOThread] WARNING: file /builds/worker/checkouts/gecko/ipc/chromium/src/base/process_util_win.cc:166
1610962438857	Marionette	INFO	Stopped listening on port 62036

###!!! [Child][RunMessage] Error: Channel closing: too late to send/recv, messages will be lost

1610966013502	mozrunner::runner	INFO	Running command: "C:\\Program Files\\Mozilla Firefox\\firefox.exe" "-marionette" "-foreground" "-no-remote" "-profile" "C:\\Users\\ricar\\AppData\\Local\\Temp\\rust_mozprofileDy2sfv"
Can't find symbol 'eglSwapBuffersWithDamageEXT'.
Can't find symbol 'eglSetDamageRegionKHR'.
JavaScript error: resource://gre/modules/XULStore.jsm, line 66: Error: Can't find profile directory.
console.warn: SearchSettings: "get: No settings file exists, new profile?" (new Error("", "(unknown module)"))
1610966022065	Marionette	INFO	Listening on port 52564
1610966022261	Marionette	WARN	TLS certificate errors will be ignored for this session
1610971703582	Marionette	INFO	Stopped listening on port 52564
ram Files\\Mozilla Firefox\\firefox.exe" "-marionette" "-foreground" "-no-remote" "-profile" "C:\\Users\\ricar\\AppData\\Local\\Temp\\rust_mozprofileWJaxgQ"
Can't find symbol 'eglSwapBuffersWithDamageEXT'.
Can't find symbol 'eglSetDamageRegionKHR'.
JavaScript error: resource://gre/modules/XULStore.jsm, line 66: Error: Can't find profile directory.
console.warn: SearchSettings: "get: No settings file exists, new profile?" (new Error("", "(unknown module)"))
1610967098601	Marionette	INFO	Listening on port 52667
1610967098732	Marionette	WARN	TLS certificate errors will be ignored for this session
1610971701197	Marionette	INFO	Stopped listening on port 52667

###!!! [Child][RunMessage] Error: Channel closing: too late to send/recv, messages will be lost

rs\\ricar\\AppData\\Local\\Temp\\rust_mozprofileJ8hgTj"
Can't find symbol 'eglSwapBuffersWithDamageEXT'.
Can't find symbol 'eglSetDamageRegionKHR'.
JavaScript error: resource://gre/modules/XULStore.jsm, line 66: Error: Can't find profile directory.
console.warn: SearchSettings: "get: No settings file exists, new profile?" (new Error("", "(unknown module)"))
1610967452545	Marionette	INFO	Listening on port 52742
1610967452722	Marionette	WARN	TLS certificate errors will be ignored for this session
1610971702167	Marionette	INFO	Stopped listening on port 52742
ram Files\\Mozilla Firefox\\firefox.exe" "-marionette" "-foreground" "-no-remote" "-profile" "C:\\Users\\ricar\\AppData\\Local\\Temp\\rust_mozprofilekrYtAE"
Can't find symbol 'eglSwapBuffersWithDamageEXT'.
Can't find symbol 'eglSetDamageRegionKHR'.
JavaScript error: resource://gre/modules/XULStore.jsm, line 66: Error: Can't find profile directory.
console.warn: SearchSettings: "get: No settings file exists, new profile?" (new Error("", "(unknown module)"))
console.error: Region.jsm: "Error fetching region" (new Error("TIMEOUT", "resource://gre/modules/Region.jsm", 726))
console.error: Region.jsm: "Failed to fetch region" (new Error("TIMEOUT", "resource://gre/modules/Region.jsm", 376))
1610967487440	Marionette	INFO	Listening on port 52801
1610967487542	Marionette	WARN	TLS certificate errors will be ignored for this session
JavaScript error: , line 0: NS_ERROR_NOT_AVAILABLE
[Parent 10664, Gecko_IOThread] WARNING: file /builds/worker/checkouts/gecko/ipc/chromium/src/base/process_util_win.cc:166
1610971686229	Marionette	INFO	Stopped listening on port 52801
'eglSwapBuffersWithDamageEXT'.
Can't find symbol 'eglSetDamageRegionKHR'.
JavaScript error: resource://gre/modules/XULStore.jsm, line 66: Error: Can't find profile directory.
console.warn: SearchSettings: "get: No settings file exists, new profile?" (new Error("", "(unknown module)"))
1610967645372	Marionette	INFO	Listening on port 52885
1610967645790	Marionette	WARN	TLS certificate errors will be ignored for this session
1610971685760	Marionette	INFO	Stopped listening on port 52885

###!!! [Child][RunMessage] Error: Channel closing: too late to send/recv, messages will be lost

rs\\ricar\\AppData\\Local\\Temp\\rust_mozprofile8hzxgm"
Can't find symbol 'eglSwapBuffersWithDamageEXT'.
Can't find symbol 'eglSetDamageRegionKHR'.
JavaScript error: resource://gre/modules/XULStore.jsm, line 66: Error: Can't find profile directory.
console.warn: SearchSettings: "get: No settings file exists, new profile?" (new Error("", "(unknown module)"))
1610967737784	Marionette	INFO	Listening on port 52956
1610967738123	Marionette	WARN	TLS certificate errors will be ignored for this session
1610971685426	Marionette	INFO	Stopped listening on port 52956

###!!! [Child][RunMessage] Error: Channel closing: too late to send/recv, messages will be lost

rs\\ricar\\AppData\\Local\\Temp\\rust_mozprofiletfK8DH"
Can't find symbol 'eglSwapBuffersWithDamageEXT'.
Can't find symbol 'eglSetDamageRegionKHR'.
JavaScript error: resource://gre/modules/XULStore.jsm, line 66: Error: Can't find profile directory.
console.warn: SearchSettings: "get: No settings file exists, new profile?" (new Error("", "(unknown module)"))
1610967876611	Marionette	INFO	Listening on port 53032
1610967876794	Marionette	WARN	TLS certificate errors will be ignored for this session
1610971684619	Marionette	INFO	Stopped listening on port 53032

###!!! [Child][RunMessage] Error: Channel closing: too late to send/recv, messages will be lost

rs\\ricar\\AppData\\Local\\Temp\\rust_mozprofileNLsMbk"
Can't find symbol 'eglSwapBuffersWithDamageEXT'.
Can't find symbol 'eglSetDamageRegionKHR'.
JavaScript error: resource://gre/modules/XULStore.jsm, line 66: Error: Can't find profile directory.
console.warn: SearchSettings: "get: No settings file exists, new profile?" (new Error("", "(unknown module)"))
1610968166548	Marionette	INFO	Listening on port 53137
1610968166988	Marionette	WARN	TLS certificate errors will be ignored for this session
JavaScript error: , line 0: NS_ERROR_NOT_AVAILABLE
1610971680902	Marionette	INFO	Stopped listening on port 53137

###!!! [Child][RunMessage] Error: Channel closing: too late to send/recv, messages will be lost

[Parent 20628, Gecko_IOThread] WARNING: pipe error: 232: file /builds/worker/checkouts/gecko/ipc/chromium/src/chrome/common/ipc_channel_win.cc:545
1610972329100	mozrunner::runner	INFO	Running command: "C:\\Program Files\\Mozilla Firefox\\firefox.exe" "-marionette" "-foreground" "-no-remote" "-profile" "C:\\Users\\ricar\\AppData\\Local\\Temp\\rust_mozprofileprzgB3"
Can't find symbol 'eglSwapBuffersWithDamageEXT'.
Can't find symbol 'eglSetDamageRegionKHR'.
JavaScript error: resource://gre/modules/XULStore.jsm, line 66: Error: Can't find profile directory.
console.warn: SearchSettings: "get: No settings file exists, new profile?" (new Error("", "(unknown module)"))
1610972340194	Marionette	INFO	Listening on port 52523
1610972340687	Marionette	WARN	TLS certificate errors will be ignored for this session
1610972847507	Marionette	INFO	Stopped listening on port 52523

###!!! [Child][RunMessage] Error: Channel closing: too late to send/recv, messages will be lost

rs\\ricar\\AppData\\Local\\Temp\\rust_mozprofileJGPX7n"
Can't find symbol 'eglSwapBuffersWithDamageEXT'.
Can't find symbol 'eglSetDamageRegionKHR'.
JavaScript error: resource://gre/modules/XULStore.jsm, line 66: Error: Can't find profile directory.
console.warn: SearchSettings: "get: No settings file exists, new profile?" (new Error("", "(unknown module)"))
1610972740900	Marionette	INFO	Listening on port 53744
1610972740977	Marionette	WARN	TLS certificate errors will be ignored for this session
1610972847031	Marionette	INFO	Stopped listening on port 53744

###!!! [Child][RunMessage] Error: Channel closing: too late to send/recv, messages will be lost

rs\\ricar\\AppData\\Local\\Temp\\rust_mozprofileR1H3B8"
Can't find symbol 'eglSwapBuffersWithDamageEXT'.
Can't find symbol 'eglSetDamageRegionKHR'.
JavaScript error: resource://gre/modules/XULStore.jsm, line 66: Error: Can't find profile directory.
console.warn: SearchSettings: "get: No settings file exists, new profile?" (new Error("", "(unknown module)"))
1610972828145	Marionette	INFO	Listening on port 53809
1610972828415	Marionette	WARN	TLS certificate errors will be ignored for this session
1610972845129	Marionette	INFO	Stopped listening on port 53809
1610972861836	mozrunner::runner	INFO	Running command: "C:\\Program Files\\Mozilla Firefox\\firefox.exe" "-marionette" "-foreground" "-no-remote" "-profile" "C:\\Users\\ricar\\AppData\\Local\\Temp\\rust_mozprofileRuG26s"
Can't find symbol 'eglSwapBuffersWithDamageEXT'.
Can't find symbol 'eglSetDamageRegionKHR'.
JavaScript error: resource://gre/modules/XULStore.jsm, line 66: Error: Can't find profile directory.
console.warn: SearchSettings: "get: No settings file exists, new profile?" (new Error("", "(unknown module)"))
1610972868518	Marionette	INFO	Listening on port 53871
1610972869048	Marionette	WARN	TLS certificate errors will be ignored for this session
1610972976791	mozrunner::runner	INFO	Running command: "C:\\Program Files\\Mozilla Firefox\\firefox.exe" "-marionette" "-foreground" "-no-remote" "-profile" "C:\\Users\\ricar\\AppData\\Local\\Temp\\rust_mozprofile7CPV8J"
Can't find symbol 'eglSwapBuffersWithDamageEXT'.
Can't find symbol 'eglSetDamageRegionKHR'.
JavaScript error: resource://gre/modules/XULStore.jsm, line 66: Error: Can't find profile directory.
console.warn: SearchSettings: "get: No settings file exists, new profile?" (new Error("", "(unknown module)"))
1610972982997	Marionette	INFO	Listening on port 53938
1610972983414	Marionette	WARN	TLS certificate errors will be ignored for this session
1610973048223	Marionette	INFO	Stopped listening on port 53938

###!!! [Child][RunMessage] Error: Channel closing: too late to send/recv, messages will be lost

1610974037682	mozrunner::runner	INFO	Running command: "C:\\Program Files\\Mozilla Firefox\\firefox.exe" "-marionette" "-foreground" "-no-remote" "-profile" "C:\\Users\\ricar\\AppData\\Local\\Temp\\rust_mozprofilezRo9eQ"
Can't find symbol 'eglSwapBuffersWithDamageEXT'.
Can't find symbol 'eglSetDamageRegionKHR'.
JavaScript error: resource://gre/modules/XULStore.jsm, line 66: Error: Can't find profile directory.
console.warn: SearchSettings: "get: No settings file exists, new profile?" (new Error("", "(unknown module)"))
1610974044235	Marionette	INFO	Listening on port 54042
1610974044364	Marionette	WARN	TLS certificate errors will be ignored for this session
